<?xml version="1.0" encoding="UTF-8"?>
<testng-results skipped="0" failed="0" total="2" passed="2">
  <reporter-output>
  </reporter-output>
  <suite name="Default suite" duration-ms="24649" started-at="2023-06-12T17:01:59Z" finished-at="2023-06-12T17:02:24Z">
    <groups>
    </groups>
    <test name="Default test" duration-ms="24649" started-at="2023-06-12T17:01:59Z" finished-at="2023-06-12T17:02:24Z">
      <class name="JaganAcademy.ActiTestcases.CreateCustomerTest">
        <test-method status="PASS" signature="getExtentReports()[pri:0, instance:JaganAcademy.ActiTestcases.CreateCustomerTest@5649fd9b]" name="getExtentReports" is-config="true" duration-ms="735" started-at="2023-06-12T22:31:59Z" finished-at="2023-06-12T22:32:00Z">
          <reporter-output>
          </reporter-output>
        </test-method> <!-- getExtentReports -->
        <test-method status="PASS" signature="launchBrowser()[pri:0, instance:JaganAcademy.ActiTestcases.CreateCustomerTest@5649fd9b]" name="launchBrowser" is-config="true" duration-ms="11473" started-at="2023-06-12T22:32:00Z" finished-at="2023-06-12T22:32:12Z">
          <reporter-output>
          </reporter-output>
        </test-method> <!-- launchBrowser -->
        <test-method status="PASS" signature="getLogin()[pri:1, instance:JaganAcademy.ActiTestcases.CreateCustomerTest@5649fd9b]" name="getLogin" duration-ms="492" started-at="2023-06-12T22:32:12Z" finished-at="2023-06-12T22:32:12Z">
          <reporter-output>
          </reporter-output>
        </test-method> <!-- getLogin -->
        <test-method status="PASS" signature="addCustomer()[pri:2, instance:JaganAcademy.ActiTestcases.CreateCustomerTest@5649fd9b]" name="addCustomer" duration-ms="8763" started-at="2023-06-12T22:32:12Z" depends-on-methods="JaganAcademy.ActiTestcases.CreateCustomerTest.getLogin" finished-at="2023-06-12T22:32:21Z">
          <reporter-output>
          </reporter-output>
        </test-method> <!-- addCustomer -->
        <test-method status="PASS" signature="logout()[pri:0, instance:JaganAcademy.ActiTestcases.CreateCustomerTest@5649fd9b]" name="logout" is-config="true" duration-ms="3147" started-at="2023-06-12T22:32:21Z" finished-at="2023-06-12T22:32:24Z">
          <reporter-output>
          </reporter-output>
        </test-method> <!-- logout -->
      </class> <!-- JaganAcademy.ActiTestcases.CreateCustomerTest -->
    </test> <!-- Default test -->
  </suite> <!-- Default suite -->
</testng-results>
